[debug] [2024-12-03T07:29:50.613Z] ----------------------------------------------------------------------
[debug] [2024-12-03T07:29:50.644Z] Command:       C:\Program Files\nodejs\node.exe C:\Users\Claire\AppData\Roaming\npm\node_modules\firebase-tools\lib\bin\firebase.js init hosting
[debug] [2024-12-03T07:29:50.650Z] CLI Version:   13.27.0
[debug] [2024-12-03T07:29:50.652Z] Platform:      win32
[debug] [2024-12-03T07:29:50.653Z] Node Version:  v22.11.0
[debug] [2024-12-03T07:29:50.659Z] Time:          Tue Dec 03 2024 15:29:50 GMT+0800 (Taipei Standard Time)
[debug] [2024-12-03T07:29:50.661Z] ----------------------------------------------------------------------
[debug] 
[debug] [2024-12-03T07:29:50.705Z] >>> [apiv2][query] GET https://firebase-public.firebaseio.com/cli.json [none]
[debug] [2024-12-03T07:29:52.589Z] > command requires scopes: ["email","openid","https://www.googleapis.com/auth/cloudplatformprojects.readonly","https://www.googleapis.com/auth/firebase","https://www.googleapis.com/auth/cloud-platform"]
[debug] [2024-12-03T07:29:52.594Z] > authorizing via signed-in user (mayclairemondejar@gmail.com)
[info] 
     ######## #### ########  ######## ########     ###     ######  ########
     ##        ##  ##     ## ##       ##     ##  ##   ##  ##       ##
     ######    ##  ########  ######   ########  #########  ######  ######
     ##        ##  ##    ##  ##       ##     ## ##     ##       ## ##
     ##       #### ##     ## ######## ########  ##     ##  ######  ########

You're about to initialize a Firebase project in this directory:

  C:\Users\Claire

Before we get started, keep in mind:

  * You are initializing within an existing Firebase project directory

[info] 
=== Project Setup
[info] 
[info] First, let's associate this project directory with a Firebase project.
[info] You can create multiple project aliases by running firebase use --add, 
[info] but for now we'll just set up a default project.
[info] 
[debug] [2024-12-03T07:29:53.193Z] Using project from CLI flag: administrator-e6279
[debug] [2024-12-03T07:29:53.248Z] Checked if tokens are valid: false, expires at: 1727925261167
[debug] [2024-12-03T07:29:53.250Z] Checked if tokens are valid: false, expires at: 1727925261167
[debug] [2024-12-03T07:29:53.254Z] > refreshing access token with scopes: []
[debug] [2024-12-03T07:29:53.274Z] >>> [apiv2][query] POST https://www.googleapis.com/oauth2/v3/token [none]
[debug] [2024-12-03T07:29:53.282Z] >>> [apiv2][body] POST https://www.googleapis.com/oauth2/v3/token [omitted]
[debug] [2024-12-03T07:29:54.781Z] <<< [apiv2][status] POST https://www.googleapis.com/oauth2/v3/token 200
[debug] [2024-12-03T07:29:54.783Z] <<< [apiv2][body] POST https://www.googleapis.com/oauth2/v3/token [omitted]
[debug] [2024-12-03T07:29:54.850Z] >>> [apiv2][query] GET https://firebase.googleapis.com/v1beta1/projects/administrator-e6279 [none]
[debug] [2024-12-03T07:29:54.925Z] <<< [apiv2][status] GET https://firebase-public.firebaseio.com/cli.json 200
[debug] [2024-12-03T07:29:54.926Z] <<< [apiv2][body] GET https://firebase-public.firebaseio.com/cli.json {"cloudBuildErrorAfter":1594252800000,"cloudBuildWarnAfter":1590019200000,"defaultNode10After":1594252800000,"minVersion":"3.0.5","node8DeploysDisabledAfter":1613390400000,"node8RuntimeDisabledAfter":1615809600000,"node8WarnAfter":1600128000000}
[debug] [2024-12-03T07:29:55.498Z] <<< [apiv2][status] GET https://firebase.googleapis.com/v1beta1/projects/administrator-e6279 200
[debug] [2024-12-03T07:29:55.499Z] <<< [apiv2][body] GET https://firebase.googleapis.com/v1beta1/projects/administrator-e6279 {"projectId":"administrator-e6279","projectNumber":"485359819117","displayName":"Administrator","name":"projects/administrator-e6279","resources":{"hostingSite":"administrator-e6279","realtimeDatabaseInstance":"administrator-e6279-default-rtdb"},"state":"ACTIVE","etag":"1_ae00a8e0-0289-451c-8467-60bda02ebfc8"}
[info] i  Using project administrator-e6279 (Administrator) 
[info] 
=== Hosting Setup
[debug] [2024-12-03T07:29:55.557Z] Checked if tokens are valid: true, expires at: 1733214593785
[debug] [2024-12-03T07:29:55.558Z] Checked if tokens are valid: true, expires at: 1733214593785
[debug] [2024-12-03T07:29:55.560Z] >>> [apiv2][query] GET https://firebase.googleapis.com/v1beta1/projects/administrator-e6279 [none]
[debug] [2024-12-03T07:29:55.862Z] <<< [apiv2][status] GET https://firebase.googleapis.com/v1beta1/projects/administrator-e6279 200
[debug] [2024-12-03T07:29:55.863Z] <<< [apiv2][body] GET https://firebase.googleapis.com/v1beta1/projects/administrator-e6279 {"projectId":"administrator-e6279","projectNumber":"485359819117","displayName":"Administrator","name":"projects/administrator-e6279","resources":{"hostingSite":"administrator-e6279","realtimeDatabaseInstance":"administrator-e6279-default-rtdb"},"state":"ACTIVE","etag":"1_ae00a8e0-0289-451c-8467-60bda02ebfc8"}
[info] 
[info] Your public directory is the folder (relative to your project directory) that
[info] will contain Hosting assets to be uploaded with firebase deploy. If you
[info] have a build process for your assets, use your build's output directory.
[info] 
[debug] [2024-12-03T07:32:27.841Z] ----------------------------------------------------------------------
[debug] [2024-12-03T07:32:27.874Z] Command:       C:\Program Files\nodejs\node.exe C:\Users\Claire\AppData\Roaming\npm\node_modules\firebase-tools\lib\bin\firebase.js init hosting
[debug] [2024-12-03T07:32:27.878Z] CLI Version:   13.27.0
[debug] [2024-12-03T07:32:27.880Z] Platform:      win32
[debug] [2024-12-03T07:32:27.881Z] Node Version:  v22.11.0
[debug] [2024-12-03T07:32:27.884Z] Time:          Tue Dec 03 2024 15:32:27 GMT+0800 (Taipei Standard Time)
[debug] [2024-12-03T07:32:27.886Z] ----------------------------------------------------------------------
[debug] 
[debug] [2024-12-03T07:32:28.705Z] > command requires scopes: ["email","openid","https://www.googleapis.com/auth/cloudplatformprojects.readonly","https://www.googleapis.com/auth/firebase","https://www.googleapis.com/auth/cloud-platform"]
[debug] [2024-12-03T07:32:28.709Z] > authorizing via signed-in user (mayclairemondejar@gmail.com)
[info] 
     ######## #### ########  ######## ########     ###     ######  ########
     ##        ##  ##     ## ##       ##     ##  ##   ##  ##       ##
     ######    ##  ########  ######   ########  #########  ######  ######
     ##        ##  ##    ##  ##       ##     ## ##     ##       ## ##
     ##       #### ##     ## ######## ########  ##     ##  ######  ########

You're about to initialize a Firebase project in this directory:

  C:\Users\Claire

Before we get started, keep in mind:

  * You are initializing within an existing Firebase project directory

[info] 
=== Project Setup
[info] 
[info] First, let's associate this project directory with a Firebase project.
[info] You can create multiple project aliases by running firebase use --add, 
[info] but for now we'll just set up a default project.
[info] 
[debug] [2024-12-03T07:32:29.130Z] Using project from CLI flag: administrator-e6279
[debug] [2024-12-03T07:32:29.144Z] Checked if tokens are valid: true, expires at: 1733214593785
[debug] [2024-12-03T07:32:29.145Z] Checked if tokens are valid: true, expires at: 1733214593785
[debug] [2024-12-03T07:32:29.162Z] >>> [apiv2][query] GET https://firebase.googleapis.com/v1beta1/projects/administrator-e6279 [none]
[debug] [2024-12-03T07:32:30.265Z] <<< [apiv2][status] GET https://firebase.googleapis.com/v1beta1/projects/administrator-e6279 200
[debug] [2024-12-03T07:32:30.266Z] <<< [apiv2][body] GET https://firebase.googleapis.com/v1beta1/projects/administrator-e6279 {"projectId":"administrator-e6279","projectNumber":"485359819117","displayName":"Administrator","name":"projects/administrator-e6279","resources":{"hostingSite":"administrator-e6279","realtimeDatabaseInstance":"administrator-e6279-default-rtdb"},"state":"ACTIVE","etag":"1_ae00a8e0-0289-451c-8467-60bda02ebfc8"}
[info] i  Using project administrator-e6279 (Administrator) 
[info] 
=== Hosting Setup
[debug] [2024-12-03T07:32:30.306Z] Checked if tokens are valid: true, expires at: 1733214593785
[debug] [2024-12-03T07:32:30.307Z] Checked if tokens are valid: true, expires at: 1733214593785
[debug] [2024-12-03T07:32:30.309Z] >>> [apiv2][query] GET https://firebase.googleapis.com/v1beta1/projects/administrator-e6279 [none]
[debug] [2024-12-03T07:32:30.616Z] <<< [apiv2][status] GET https://firebase.googleapis.com/v1beta1/projects/administrator-e6279 200
[debug] [2024-12-03T07:32:30.617Z] <<< [apiv2][body] GET https://firebase.googleapis.com/v1beta1/projects/administrator-e6279 {"projectId":"administrator-e6279","projectNumber":"485359819117","displayName":"Administrator","name":"projects/administrator-e6279","resources":{"hostingSite":"administrator-e6279","realtimeDatabaseInstance":"administrator-e6279-default-rtdb"},"state":"ACTIVE","etag":"1_ae00a8e0-0289-451c-8467-60bda02ebfc8"}
[info] 
[info] Your public directory is the folder (relative to your project directory) that
[info] will contain Hosting assets to be uploaded with firebase deploy. If you
[info] have a build process for your assets, use your build's output directory.
[info] 
